Using pre-set license
Built from '2020.3/staging' branch; Version is '2020.3.4f1 (0abb6314276a) revision 703331'; Using compiler version '192528614'; Build Type 'Release'
OS: 'Windows 10 Home; OS build 19042.1052; Version 2009; 64bit' Language: 'ko' Physical Memory: 16303 MB
BatchMode: 1, IsHumanControllingUs: 0, StartBugReporterOnCrash: 0, Is64bit: 1, IsPro: 0

 COMMAND LINE ARGUMENTS:
C:\Program Files\Unity\Hub\Editor\2020.3.4f1\Editor\Unity.exe
-adb2
-batchMode
-noUpm
-name
AssetImportWorker3
-projectPath
C:/Users/USER/Documents/shibashootingproject/ShibaShooting
-logFile
Logs/AssetImportWorker3.log
-srvPort
8469
Successfully changed project path to: C:/Users/USER/Documents/shibashootingproject/ShibaShooting
C:/Users/USER/Documents/shibashootingproject/ShibaShooting
Using Asset Import Pipeline V2.
Refreshing native plugins compatible for Editor in 145.10 ms, found 1 plugins.
Preloading 0 native plugins for Editor in 0.00 ms.
Initialize engine version: 2020.3.4f1 (0abb6314276a)
[Subsystems] Discovering subsystems at path C:/Program Files/Unity/Hub/Editor/2020.3.4f1/Editor/Data/Resources/UnitySubsystems
[Subsystems] Discovering subsystems at path C:/Users/USER/Documents/shibashootingproject/ShibaShooting/Assets
GfxDevice: creating device client; threaded=0
Direct3D:
    Version:  Direct3D 11.0 [level 11.1]
    Renderer: NVIDIA GeForce RTX 2060 (ID=0x1f51)
    Vendor:   
    VRAM:     5980 MB
    Driver:   26.21.14.3162
Initialize mono
Mono path[0] = 'C:/Program Files/Unity/Hub/Editor/2020.3.4f1/Editor/Data/Managed'
Mono path[1] = 'C:/Program Files/Unity/Hub/Editor/2020.3.4f1/Editor/Data/MonoBleedingEdge/lib/mono/unityjit'
Mono config path = 'C:/Program Files/Unity/Hub/Editor/2020.3.4f1/Editor/Data/MonoBleedingEdge/etc'
Using monoOptions --debugger-agent=transport=dt_socket,embedding=1,server=y,suspend=n,address=127.0.0.1:56900
Begin MonoManager ReloadAssembly
Registering precompiled unity dll's ...
Register platform support module: C:/Program Files/Unity/Hub/Editor/2020.3.4f1/Editor/Data/PlaybackEngines/WindowsStandaloneSupport/UnityEditor.WindowsStandalone.Extensions.dll
Registered in 0.004605 seconds.
Native extension for WindowsStandalone target not found
Refreshing native plugins compatible for Editor in 192.16 ms, found 1 plugins.
Preloading 0 native plugins for Editor in 0.00 ms.
Mono: successfully reloaded assembly
- Completed reload, in  9.199 seconds
Platform modules already initialized, skipping
Registering precompiled user dll's ...
Registered in 0.004899 seconds.
Begin MonoManager ReloadAssembly
Native extension for WindowsStandalone target not found
Refreshing native plugins compatible for Editor in 150.12 ms, found 1 plugins.
Preloading 0 native plugins for Editor in 0.00 ms.
Mono: successfully reloaded assembly
- Completed reload, in  3.307 seconds
Platform modules already initialized, skipping
========================================================================
Worker process is ready to serve import requests
Launched and connected shader compiler UnityShaderCompiler.exe after 0.32 seconds
Refreshing native plugins compatible for Editor in 1.13 ms, found 1 plugins.
Preloading 0 native plugins for Editor in 0.00 ms.
Unloading 1845 Unused Serialized files (Serialized files now loaded: 0)
System memory in use before: 86.2 MB.
System memory in use after: 86.2 MB.

Unloading 24 unused Assets to reduce memory usage. Loaded Objects now: 2294.
Total: 6.786700 ms (FindLiveObjects: 0.513400 ms CreateObjectMapping: 0.245500 ms MarkObjects: 5.692700 ms  DeleteObjects: 0.331100 ms)

AssetImportParameters requested are different than current active one (requested -> active):
  requireTextureImportCompression: false -> true
========================================================================
Received Import Request.
  path: Assets/Scenes/Lobby.unity
  artifactKey: Guid(d6474ae12fc3a0b4191bf1c769595094) Importer(815301076,1909f56bfc062723c751e8b465ee728b)
Start importing Assets/Scenes/Lobby.unity using Guid(d6474ae12fc3a0b4191bf1c769595094) Importer(815301076,1909f56bfc062723c751e8b465ee728b)  -> (artifact id: '23acce712fff31520ff8016f0dc25c59') in 0.080155 seconds
  Import took 0.091531 seconds .

========================================================================
Received Import Request.
  Time since last request: 7.701788 seconds.
  path: Assets/Sounds/second (1).mp3
  artifactKey: Guid(882fa5c46df1de843a33773425f6d28a) Importer(815301076,1909f56bfc062723c751e8b465ee728b)
Start importing Assets/Sounds/second (1).mp3 using Guid(882fa5c46df1de843a33773425f6d28a) Importer(815301076,1909f56bfc062723c751e8b465ee728b)  -> (artifact id: '3bab36030f0e2c0483036f79912f6d6f') in 0.368751 seconds
  Import took 0.380946 seconds .

========================================================================
Received Import Request.
  Time since last request: 86.172326 seconds.
  path: Assets/Sounds/second (2).mp3
  artifactKey: Guid(60caecef33cd0dd4e94cbb2ec8090ade) Importer(815301076,1909f56bfc062723c751e8b465ee728b)
Start importing Assets/Sounds/second (2).mp3 using Guid(60caecef33cd0dd4e94cbb2ec8090ade) Importer(815301076,1909f56bfc062723c751e8b465ee728b)  -> (artifact id: '714186598f4812604c69e1b317fbaa97') in 0.053172 seconds
  Import took 0.064039 seconds .

========================================================================
Received Import Request.
  Time since last request: 451.808018 seconds.
  path: ProjectSettings/TagManager.asset
  artifactKey: Guid(00000000000000003000000000000000) Importer(815301076,1909f56bfc062723c751e8b465ee728b)
Start importing ProjectSettings/TagManager.asset using Guid(00000000000000003000000000000000) Importer(815301076,1909f56bfc062723c751e8b465ee728b)  -> (artifact id: 'b4c3daa9b8605eab5fc229ad7ba3216f') in 0.023599 seconds
  Import took 0.029505 seconds .

========================================================================
Received Import Request.
  Time since last request: 0.001559 seconds.
  path: ProjectSettings/TagManager.asset
  artifactKey: Guid(00000000000000003000000000000000) Importer(815301076,1909f56bfc062723c751e8b465ee728b)
Start importing ProjectSettings/TagManager.asset using Guid(00000000000000003000000000000000) Importer(815301076,1909f56bfc062723c751e8b465ee728b)  -> (artifact id: 'b4c3daa9b8605eab5fc229ad7ba3216f') in 0.005577 seconds
  Import took 0.013763 seconds .

========================================================================
Received Import Request.
  Time since last request: 197.936027 seconds.
  path: Packages/com.unity.2d.spriteshape/Editor/ObjectMenuCreation/DefaultAssets/Sprite Shapes/Closed Sprite Shape.prefab
  artifactKey: Guid(c0583b4e855c74b8c82e7b9b5efb5ce9) Importer(815301076,1909f56bfc062723c751e8b465ee728b)
Start importing Packages/com.unity.2d.spriteshape/Editor/ObjectMenuCreation/DefaultAssets/Sprite Shapes/Closed Sprite Shape.prefab using Guid(c0583b4e855c74b8c82e7b9b5efb5ce9) Importer(815301076,1909f56bfc062723c751e8b465ee728b)  -> (artifact id: '4c0850c6ba4f5606e2515265b139754d') in 0.220295 seconds
  Import took 0.232622 seconds .

========================================================================
Received Import Request.
  Time since last request: 0.000869 seconds.
  path: Packages/com.unity.2d.spriteshape/Editor/ObjectMenuCreation/DefaultAssets/Sprite Shapes/Open Sprite Shape.prefab
  artifactKey: Guid(86ae7de409eb54f619fb1328e4d42480) Importer(815301076,1909f56bfc062723c751e8b465ee728b)
Start importing Packages/com.unity.2d.spriteshape/Editor/ObjectMenuCreation/DefaultAssets/Sprite Shapes/Open Sprite Shape.prefab using Guid(86ae7de409eb54f619fb1328e4d42480) Importer(815301076,1909f56bfc062723c751e8b465ee728b)  -> (artifact id: '6cf2b7927b2bd8d826e045191b0c9a79') in 0.044201 seconds
  Import took 0.055776 seconds .

========================================================================
Received Import Request.
  Time since last request: 0.000781 seconds.
  path: Assets/Prefab/Enemy/enemy_minyoung.prefab
  artifactKey: Guid(aad77ad6515a2074abb26d024805f49f) Importer(815301076,1909f56bfc062723c751e8b465ee728b)
Start importing Assets/Prefab/Enemy/enemy_minyoung.prefab using Guid(aad77ad6515a2074abb26d024805f49f) Importer(815301076,1909f56bfc062723c751e8b465ee728b)  -> (artifact id: '289b86ea0f3a24d4f464551a43f3186f') in 0.104111 seconds
  Import took 0.116145 seconds .

========================================================================
Received Import Request.
  Time since last request: 0.000539 seconds.
  path: Assets/Prefab/Item.prefab
  artifactKey: Guid(e0a84083140fe344ca61e973973e1b49) Importer(815301076,1909f56bfc062723c751e8b465ee728b)
Start importing Assets/Prefab/Item.prefab using Guid(e0a84083140fe344ca61e973973e1b49) Importer(815301076,1909f56bfc062723c751e8b465ee728b)  -> (artifact id: '1238af03cd17761a4496bb968a6f29e9') in 0.044406 seconds
  Import took 0.056056 seconds .

========================================================================
Received Import Request.
  Time since last request: 8.328433 seconds.
  path: Assets/Scenes/Item.unity
  artifactKey: Guid(3d7065ab5fb58c44691c377da4869728) Importer(815301076,1909f56bfc062723c751e8b465ee728b)
Start importing Assets/Scenes/Item.unity using Guid(3d7065ab5fb58c44691c377da4869728) Importer(815301076,1909f56bfc062723c751e8b465ee728b)  -> (artifact id: '4274cc16a631e26bb6b2fb2b03cdae55') in 0.023115 seconds
  Import took 0.030244 seconds .

========================================================================
Received Import Request.
  Time since last request: 141.895736 seconds.
  path: Assets/Sounds/찐막 (1).mp3
  artifactKey: Guid(0c46983d20ae2034cb777b02ed8abed8) Importer(815301076,1909f56bfc062723c751e8b465ee728b)
Start importing Assets/Sounds/찐막 (1).mp3 using Guid(0c46983d20ae2034cb777b02ed8abed8) Importer(815301076,1909f56bfc062723c751e8b465ee728b)  -> (artifact id: 'a273ff0a221960fcae02e10d23828b93') in 0.023808 seconds
  Import took 0.029873 seconds .

========================================================================
Received Import Request.
  Time since last request: 175.505796 seconds.
  path: Assets/Scripts/Main/Controller/GameManager.cs
  artifactKey: Guid(36f4960dac16bfd49ba2f32dfb90d248) Importer(815301076,1909f56bfc062723c751e8b465ee728b)
Start importing Assets/Scripts/Main/Controller/GameManager.cs using Guid(36f4960dac16bfd49ba2f32dfb90d248) Importer(815301076,1909f56bfc062723c751e8b465ee728b)  -> (artifact id: '4c3a94de379e7b99ca5bdd278e34e32b') in 0.029913 seconds
  Import took 0.034811 seconds .

========================================================================
Received Import Request.
  Time since last request: 0.010422 seconds.
  path: Assets/Scripts/Main/Controller/GameManager.cs
  artifactKey: Guid(36f4960dac16bfd49ba2f32dfb90d248) Importer(815301076,1909f56bfc062723c751e8b465ee728b)
Start importing Assets/Scripts/Main/Controller/GameManager.cs using Guid(36f4960dac16bfd49ba2f32dfb90d248) Importer(815301076,1909f56bfc062723c751e8b465ee728b)  -> (artifact id: '4c3a94de379e7b99ca5bdd278e34e32b') in 0.005111 seconds
  Import took 0.010559 seconds .

========================================================================
Received Import Request.
  Time since last request: 33.411386 seconds.
  path: Assets/Scripts/Main/Controller/GameManager.cs
  artifactKey: Guid(36f4960dac16bfd49ba2f32dfb90d248) Importer(815301076,1909f56bfc062723c751e8b465ee728b)
Start importing Assets/Scripts/Main/Controller/GameManager.cs using Guid(36f4960dac16bfd49ba2f32dfb90d248) Importer(815301076,1909f56bfc062723c751e8b465ee728b)  -> (artifact id: 'fbfce9755efc9e00cf87f32684dec4e5') in 0.006328 seconds
  Import took 0.011683 seconds .

========================================================================
Received Prepare
Registering precompiled user dll's ...
Registered in 0.005642 seconds.
Begin MonoManager ReloadAssembly
Native extension for WindowsStandalone target not found
Refreshing native plugins compatible for Editor in 0.96 ms, found 1 plugins.
Preloading 0 native plugins for Editor in 0.00 ms.
Mono: successfully reloaded assembly
- Completed reload, in  2.628 seconds
Platform modules already initialized, skipping
Switching build target platform(5) subTarget(0) extendedPlatform(0) -> platform(13) subTarget(537395200) extendedPlatform(0)
Refreshing native plugins compatible for Editor in 0.80 ms, found 1 plugins.
Preloading 0 native plugins for Editor in 0.00 ms.
Unloading 1841 Unused Serialized files (Serialized files now loaded: 0)
System memory in use before: 89.1 MB.
System memory in use after: 89.1 MB.

Unloading 15 unused Assets to reduce memory usage. Loaded Objects now: 2307.
Total: 3.879600 ms (FindLiveObjects: 0.332700 ms CreateObjectMapping: 0.140400 ms MarkObjects: 3.201300 ms  DeleteObjects: 0.203100 ms)

AssetImportParameters requested are different than current active one (requested -> active):
  requireTextureImportCompression: false -> true
  custom:graphics/normal-map-encoding: 01000000000000000000000000000000 -> 02000000000000000000000000000000
========================================================================
Received Prepare
Registering precompiled user dll's ...
Registered in 0.004814 seconds.
Begin MonoManager ReloadAssembly
Native extension for WindowsStandalone target not found
Refreshing native plugins compatible for Editor in 1.41 ms, found 1 plugins.
Preloading 0 native plugins for Editor in 0.00 ms.
Mono: successfully reloaded assembly
- Completed reload, in  3.179 seconds
Platform modules already initialized, skipping
Switching build target platform(5) subTarget(0) extendedPlatform(0) -> platform(13) subTarget(537395200) extendedPlatform(0)
Refreshing native plugins compatible for Editor in 1.17 ms, found 1 plugins.
Preloading 0 native plugins for Editor in 0.00 ms.
Unloading 1841 Unused Serialized files (Serialized files now loaded: 0)
System memory in use before: 89.2 MB.
System memory in use after: 89.2 MB.

Unloading 13 unused Assets to reduce memory usage. Loaded Objects now: 2311.
Total: 6.930000 ms (FindLiveObjects: 0.493600 ms CreateObjectMapping: 0.410000 ms MarkObjects: 5.757500 ms  DeleteObjects: 0.265500 ms)

AssetImportParameters requested are different than current active one (requested -> active):
  requireTextureImportCompression: false -> true
  custom:graphics/normal-map-encoding: 01000000000000000000000000000000 -> 02000000000000000000000000000000
========================================================================
Received Import Request.
  Time since last request: 86.591612 seconds.
  path: Assets/Sprites/Logo.png
  artifactKey: Guid(016bde0aeb1ea99439322d4792292f45) Importer(815301076,1909f56bfc062723c751e8b465ee728b)
Start importing Assets/Sprites/Logo.png using Guid(016bde0aeb1ea99439322d4792292f45) Importer(815301076,1909f56bfc062723c751e8b465ee728b)  -> (artifact id: 'fcd723d53b5eb85cd5de587f8712e7a0') in 0.245895 seconds
  Import took 0.255423 seconds .

========================================================================
Received Import Request.
  Time since last request: 0.000916 seconds.
  path: Assets/Sprites/Original_Logo.png
  artifactKey: Guid(296a1c1395549bd47bcc8bf638670295) Importer(815301076,1909f56bfc062723c751e8b465ee728b)
Start importing Assets/Sprites/Original_Logo.png using Guid(296a1c1395549bd47bcc8bf638670295) Importer(815301076,1909f56bfc062723c751e8b465ee728b)  -> (artifact id: 'de9a693026ad90a9c3220c0e35467473') in 0.090630 seconds
  Import took 0.102176 seconds .

========================================================================
Received Import Request.
  Time since last request: 5.417933 seconds.
  path: Assets/Resources/DOTweenSettings.asset
  artifactKey: Guid(0210271bbae2ad647a78825f25adddcd) Importer(815301076,1909f56bfc062723c751e8b465ee728b)
Start importing Assets/Resources/DOTweenSettings.asset using Guid(0210271bbae2ad647a78825f25adddcd) Importer(815301076,1909f56bfc062723c751e8b465ee728b)  -> (artifact id: 'b8d34e32174033daab755d01c936818e') in 0.014953 seconds
  Import took 0.019780 seconds .

========================================================================
Received Import Request.
  Time since last request: 3.754294 seconds.
  path: Assets/Scenes/Lobby.unity
  artifactKey: Guid(d6474ae12fc3a0b4191bf1c769595094) Importer(815301076,1909f56bfc062723c751e8b465ee728b)
Start importing Assets/Scenes/Lobby.unity using Guid(d6474ae12fc3a0b4191bf1c769595094) Importer(815301076,1909f56bfc062723c751e8b465ee728b)  -> (artifact id: '962da7009c21edd223a913cf5d9b79d4') in 0.018561 seconds
  Import took 0.024994 seconds .

========================================================================
Received Import Request.
  Time since last request: 0.644733 seconds.
  path: Assets/Scenes/Item.unity
  artifactKey: Guid(3d7065ab5fb58c44691c377da4869728) Importer(815301076,1909f56bfc062723c751e8b465ee728b)
Start importing Assets/Scenes/Item.unity using Guid(3d7065ab5fb58c44691c377da4869728) Importer(815301076,1909f56bfc062723c751e8b465ee728b)  -> (artifact id: 'c4be92da5d9c0767d348e62af10ed910') in 0.021136 seconds
  Import took 0.026509 seconds .

========================================================================
Received Prepare
Registering precompiled user dll's ...
Registered in 0.004426 seconds.
Begin MonoManager ReloadAssembly
Native extension for WindowsStandalone target not found
Refreshing native plugins compatible for Editor in 1.14 ms, found 1 plugins.
Preloading 0 native plugins for Editor in 0.00 ms.
Mono: successfully reloaded assembly
- Completed reload, in  2.659 seconds
Platform modules already initialized, skipping
Switching build target platform(5) subTarget(0) extendedPlatform(0) -> platform(13) subTarget(537395200) extendedPlatform(0)
Refreshing native plugins compatible for Editor in 1.17 ms, found 1 plugins.
Preloading 0 native plugins for Editor in 0.00 ms.
Unloading 1841 Unused Serialized files (Serialized files now loaded: 0)
System memory in use before: 89.2 MB.
System memory in use after: 89.2 MB.

Unloading 13 unused Assets to reduce memory usage. Loaded Objects now: 2321.
Total: 5.696000 ms (FindLiveObjects: 0.499300 ms CreateObjectMapping: 0.513500 ms MarkObjects: 4.343300 ms  DeleteObjects: 0.337900 ms)

AssetImportParameters requested are different than current active one (requested -> active):
  requireTextureImportCompression: false -> true
  custom:graphics/normal-map-encoding: 01000000000000000000000000000000 -> 02000000000000000000000000000000
========================================================================
Received Prepare
Refreshing native plugins compatible for Editor in 8.36 ms, found 1 plugins.
Preloading 0 native plugins for Editor in 0.00 ms.
Unloading 11 Unused Serialized files (Serialized files now loaded: 0)
System memory in use before: 53.1 MB.
System memory in use after: 53.1 MB.

Unloading 11 unused Assets to reduce memory usage. Loaded Objects now: 2321.
Total: 7.796300 ms (FindLiveObjects: 0.471300 ms CreateObjectMapping: 0.232000 ms MarkObjects: 6.824500 ms  DeleteObjects: 0.264700 ms)

========================================================================
Received Prepare
Refreshing native plugins compatible for Editor in 5.09 ms, found 1 plugins.
Preloading 0 native plugins for Editor in 0.00 ms.
Unloading 11 Unused Serialized files (Serialized files now loaded: 0)
System memory in use before: 53.1 MB.
System memory in use after: 53.1 MB.

Unloading 11 unused Assets to reduce memory usage. Loaded Objects now: 2321.
Total: 5.755700 ms (FindLiveObjects: 0.735000 ms CreateObjectMapping: 0.152900 ms MarkObjects: 4.680800 ms  DeleteObjects: 0.184000 ms)

AssetImportParameters requested are different than current active one (requested -> active):
  requireTextureImportCompression: false -> true
========================================================================
Received Prepare
Registering precompiled user dll's ...
Registered in 0.001979 seconds.
Begin MonoManager ReloadAssembly
Native extension for WindowsStandalone target not found
Refreshing native plugins compatible for Editor in 0.37 ms, found 1 plugins.
Preloading 0 native plugins for Editor in 0.00 ms.
Mono: successfully reloaded assembly
- Completed reload, in  1.280 seconds
Platform modules already initialized, skipping
Switching build target platform(5) subTarget(0) extendedPlatform(0) -> platform(13) subTarget(537395200) extendedPlatform(0)
Refreshing native plugins compatible for Editor in 0.38 ms, found 1 plugins.
Preloading 0 native plugins for Editor in 0.00 ms.
Unloading 1841 Unused Serialized files (Serialized files now loaded: 0)
System memory in use before: 89.2 MB.
System memory in use after: 89.2 MB.

Unloading 13 unused Assets to reduce memory usage. Loaded Objects now: 2325.
Total: 2.166100 ms (FindLiveObjects: 0.154300 ms CreateObjectMapping: 0.050600 ms MarkObjects: 1.835500 ms  DeleteObjects: 0.124500 ms)

AssetImportParameters requested are different than current active one (requested -> active):
  requireTextureImportCompression: false -> true
  custom:graphics/normal-map-encoding: 01000000000000000000000000000000 -> 02000000000000000000000000000000
========================================================================
Received Import Request.
  Time since last request: 12923.264896 seconds.
  path: Assets/Scripts/Main/Item/Item.cs
  artifactKey: Guid(327fc7909f45d1a47865420a2fe56154) Importer(815301076,1909f56bfc062723c751e8b465ee728b)
Start importing Assets/Scripts/Main/Item/Item.cs using Guid(327fc7909f45d1a47865420a2fe56154) Importer(815301076,1909f56bfc062723c751e8b465ee728b)  -> (artifact id: '574893dcbb9e14d0420841db19510095') in 0.006753 seconds
  Import took 0.010323 seconds .

========================================================================
Received Import Request.
  Time since last request: 0.000379 seconds.
  path: Assets/Scripts/Main/Item/Item.cs
  artifactKey: Guid(327fc7909f45d1a47865420a2fe56154) Importer(815301076,1909f56bfc062723c751e8b465ee728b)
Start importing Assets/Scripts/Main/Item/Item.cs using Guid(327fc7909f45d1a47865420a2fe56154) Importer(815301076,1909f56bfc062723c751e8b465ee728b)  -> (artifact id: '574893dcbb9e14d0420841db19510095') in 0.004016 seconds
  Import took 0.007350 seconds .

========================================================================
Received Import Request.
  Time since last request: 0.031814 seconds.
  path: Assets/Scripts/Main/Item/Item.cs
  artifactKey: Guid(327fc7909f45d1a47865420a2fe56154) Importer(815301076,1909f56bfc062723c751e8b465ee728b)
Start importing Assets/Scripts/Main/Item/Item.cs using Guid(327fc7909f45d1a47865420a2fe56154) Importer(815301076,1909f56bfc062723c751e8b465ee728b)  -> (artifact id: '574893dcbb9e14d0420841db19510095') in 0.004110 seconds
  Import took 0.008009 seconds .

========================================================================
Received Import Request.
  Time since last request: 4.906553 seconds.
  path: Assets/Scripts/Item/ItemManager.cs
  artifactKey: Guid(e74d1b218439802429d51f467de23af0) Importer(815301076,1909f56bfc062723c751e8b465ee728b)
Start importing Assets/Scripts/Item/ItemManager.cs using Guid(e74d1b218439802429d51f467de23af0) Importer(815301076,1909f56bfc062723c751e8b465ee728b)  -> (artifact id: 'f2ce5cb5c2c5892f63add438380be177') in 0.018065 seconds
  Import took 0.021546 seconds .

========================================================================
Received Import Request.
  Time since last request: 0.005406 seconds.
  path: Assets/Scripts/Item/ItemManager.cs
  artifactKey: Guid(e74d1b218439802429d51f467de23af0) Importer(815301076,1909f56bfc062723c751e8b465ee728b)
Start importing Assets/Scripts/Item/ItemManager.cs using Guid(e74d1b218439802429d51f467de23af0) Importer(815301076,1909f56bfc062723c751e8b465ee728b)  -> (artifact id: 'f2ce5cb5c2c5892f63add438380be177') in 0.003738 seconds
  Import took 0.007514 seconds .

========================================================================
Received Prepare
Registering precompiled user dll's ...
Registered in 0.002145 seconds.
Begin MonoManager ReloadAssembly
Native extension for WindowsStandalone target not found
Refreshing native plugins compatible for Editor in 0.33 ms, found 1 plugins.
Preloading 0 native plugins for Editor in 0.00 ms.
Mono: successfully reloaded assembly
- Completed reload, in  1.089 seconds
Platform modules already initialized, skipping
Switching build target platform(5) subTarget(0) extendedPlatform(0) -> platform(13) subTarget(537395200) extendedPlatform(0)
Refreshing native plugins compatible for Editor in 0.39 ms, found 1 plugins.
Preloading 0 native plugins for Editor in 0.00 ms.
Unloading 1841 Unused Serialized files (Serialized files now loaded: 0)
System memory in use before: 89.2 MB.
System memory in use after: 89.3 MB.

Unloading 13 unused Assets to reduce memory usage. Loaded Objects now: 2329.
Total: 2.761600 ms (FindLiveObjects: 0.347900 ms CreateObjectMapping: 0.107800 ms MarkObjects: 2.068200 ms  DeleteObjects: 0.235800 ms)

AssetImportParameters requested are different than current active one (requested -> active):
  requireTextureImportCompression: false -> true
  custom:graphics/normal-map-encoding: 01000000000000000000000000000000 -> 02000000000000000000000000000000
========================================================================
Received Import Request.
  Time since last request: 244.276214 seconds.
  path: Assets/Scripts/Item/ItemManager.cs
  artifactKey: Guid(e74d1b218439802429d51f467de23af0) Importer(815301076,1909f56bfc062723c751e8b465ee728b)
Start importing Assets/Scripts/Item/ItemManager.cs using Guid(e74d1b218439802429d51f467de23af0) Importer(815301076,1909f56bfc062723c751e8b465ee728b)  -> (artifact id: '6b0c7afce98c732b093347ae6dd65e51') in 0.024917 seconds
  Import took 0.032191 seconds .

========================================================================
Received Import Request.
  Time since last request: 1.560313 seconds.
  path: Assets/Scenes/Main.unity
  artifactKey: Guid(2cda990e2423bbf4892e6590ba056729) Importer(815301076,1909f56bfc062723c751e8b465ee728b)
Start importing Assets/Scenes/Main.unity using Guid(2cda990e2423bbf4892e6590ba056729) Importer(815301076,1909f56bfc062723c751e8b465ee728b)  -> (artifact id: 'cfe2fd862cfd4052e2f7bf1e2f0641c4') in 0.017357 seconds
  Import took 0.020898 seconds .

========================================================================
Received Import Request.
  Time since last request: 107.490018 seconds.
  path: Assets/Scenes/Item.unity
  artifactKey: Guid(3d7065ab5fb58c44691c377da4869728) Importer(815301076,1909f56bfc062723c751e8b465ee728b)
Start importing Assets/Scenes/Item.unity using Guid(3d7065ab5fb58c44691c377da4869728) Importer(815301076,1909f56bfc062723c751e8b465ee728b)  -> (artifact id: '035030be98d760aeae1c1fa362a4d136') in 0.016191 seconds
  Import took 0.019422 seconds .

========================================================================
Received Prepare
Registering precompiled user dll's ...
Registered in 0.002718 seconds.
Begin MonoManager ReloadAssembly
Native extension for WindowsStandalone target not found
Refreshing native plugins compatible for Editor in 0.68 ms, found 1 plugins.
Preloading 0 native plugins for Editor in 0.00 ms.
Mono: successfully reloaded assembly
- Completed reload, in  1.259 seconds
Platform modules already initialized, skipping
Switching build target platform(5) subTarget(0) extendedPlatform(0) -> platform(13) subTarget(537395200) extendedPlatform(0)
Refreshing native plugins compatible for Editor in 0.37 ms, found 1 plugins.
Preloading 0 native plugins for Editor in 0.00 ms.
Unloading 1841 Unused Serialized files (Serialized files now loaded: 0)
System memory in use before: 89.3 MB.
System memory in use after: 89.3 MB.

Unloading 13 unused Assets to reduce memory usage. Loaded Objects now: 2333.
Total: 2.405100 ms (FindLiveObjects: 0.281600 ms CreateObjectMapping: 0.135700 ms MarkObjects: 1.838300 ms  DeleteObjects: 0.148500 ms)

AssetImportParameters requested are different than current active one (requested -> active):
  requireTextureImportCompression: false -> true
  custom:graphics/normal-map-encoding: 01000000000000000000000000000000 -> 02000000000000000000000000000000
========================================================================
Received Import Request.
  Time since last request: 3789.479719 seconds.
  path: Assets/Sprites/Logo.png
  artifactKey: Guid(016bde0aeb1ea99439322d4792292f45) Importer(815301076,1909f56bfc062723c751e8b465ee728b)
Start importing Assets/Sprites/Logo.png using Guid(016bde0aeb1ea99439322d4792292f45) Importer(815301076,1909f56bfc062723c751e8b465ee728b)  -> (artifact id: 'c012fe9380fe1311256977fcff4253ac') in 0.095162 seconds
  Import took 0.100337 seconds .

========================================================================
Received Import Request.
  Time since last request: 0.000342 seconds.
  path: Assets/Sprites/Original_Logo.png
  artifactKey: Guid(296a1c1395549bd47bcc8bf638670295) Importer(815301076,1909f56bfc062723c751e8b465ee728b)
Start importing Assets/Sprites/Original_Logo.png using Guid(296a1c1395549bd47bcc8bf638670295) Importer(815301076,1909f56bfc062723c751e8b465ee728b)  -> (artifact id: 'b80798c911bd4623e5166a08244dc4d7') in 0.098611 seconds
  Import took 0.102005 seconds .

========================================================================
Received Import Request.
  Time since last request: 1.865155 seconds.
  path: Assets/Sprites/Player/Angel_Shiba.png
  artifactKey: Guid(93143f8db5b00ff41aa46b4514519bcb) Importer(815301076,1909f56bfc062723c751e8b465ee728b)
Start importing Assets/Sprites/Player/Angel_Shiba.png using Guid(93143f8db5b00ff41aa46b4514519bcb) Importer(815301076,1909f56bfc062723c751e8b465ee728b)  -> (artifact id: 'ae2b400967de1b251a1ce9ee7d95cbab') in 0.045476 seconds
  Import took 0.048857 seconds .

========================================================================
Received Import Request.
  Time since last request: 0.000270 seconds.
  path: Assets/Sprites/Player/StoreOwner.png
  artifactKey: Guid(7e4edde78fd3615489c5738a6bc902a0) Importer(815301076,1909f56bfc062723c751e8b465ee728b)
Start importing Assets/Sprites/Player/StoreOwner.png using Guid(7e4edde78fd3615489c5738a6bc902a0) Importer(815301076,1909f56bfc062723c751e8b465ee728b)  -> (artifact id: '5774080227a32af131765422c4b51b1d') in 0.022309 seconds
  Import took 0.026037 seconds .

========================================================================
Received Import Request.
  Time since last request: 211.497635 seconds.
  path: Assets/Sprites/Player/StoreOwner.png
  artifactKey: Guid(7e4edde78fd3615489c5738a6bc902a0) Importer(815301076,1909f56bfc062723c751e8b465ee728b)
Start importing Assets/Sprites/Player/StoreOwner.png using Guid(7e4edde78fd3615489c5738a6bc902a0) Importer(815301076,1909f56bfc062723c751e8b465ee728b)  -> (artifact id: '87e87060b5a7e25deb6047ae61b17f17') in 0.018521 seconds
  Import took 0.023729 seconds .

========================================================================
Received Import Request.
  Time since last request: 0.042664 seconds.
  path: Assets/Sprites/Player/StoreOwner.png
  artifactKey: Guid(7e4edde78fd3615489c5738a6bc902a0) Importer(815301076,1909f56bfc062723c751e8b465ee728b)
Start importing Assets/Sprites/Player/StoreOwner.png using Guid(7e4edde78fd3615489c5738a6bc902a0) Importer(815301076,1909f56bfc062723c751e8b465ee728b)  -> (artifact id: '87e87060b5a7e25deb6047ae61b17f17') in 0.017345 seconds
  Import took 0.021054 seconds .

========================================================================
Received Prepare
Registering precompiled user dll's ...
Registered in 0.003080 seconds.
Begin MonoManager ReloadAssembly
Native extension for WindowsStandalone target not found
Refreshing native plugins compatible for Editor in 0.34 ms, found 1 plugins.
Preloading 0 native plugins for Editor in 0.00 ms.
Mono: successfully reloaded assembly
- Completed reload, in  1.051 seconds
Platform modules already initialized, skipping
Switching build target platform(5) subTarget(0) extendedPlatform(0) -> platform(13) subTarget(537395200) extendedPlatform(0)
Refreshing native plugins compatible for Editor in 0.63 ms, found 1 plugins.
Preloading 0 native plugins for Editor in 0.00 ms.
Unloading 1841 Unused Serialized files (Serialized files now loaded: 0)
System memory in use before: 89.5 MB.
System memory in use after: 89.5 MB.

Unloading 13 unused Assets to reduce memory usage. Loaded Objects now: 2349.
Total: 3.489300 ms (FindLiveObjects: 0.290200 ms CreateObjectMapping: 0.128800 ms MarkObjects: 2.911200 ms  DeleteObjects: 0.157100 ms)

AssetImportParameters requested are different than current active one (requested -> active):
  requireTextureImportCompression: false -> true
  custom:graphics/normal-map-encoding: 01000000000000000000000000000000 -> 02000000000000000000000000000000
========================================================================
Received Prepare
Registering precompiled user dll's ...
Registered in 0.001996 seconds.
Begin MonoManager ReloadAssembly
Native extension for WindowsStandalone target not found
Refreshing native plugins compatible for Editor in 0.36 ms, found 1 plugins.
Preloading 0 native plugins for Editor in 0.00 ms.
Mono: successfully reloaded assembly
- Completed reload, in  1.287 seconds
Platform modules already initialized, skipping
Switching build target platform(5) subTarget(0) extendedPlatform(0) -> platform(13) subTarget(537395200) extendedPlatform(0)
Refreshing native plugins compatible for Editor in 0.46 ms, found 1 plugins.
Preloading 0 native plugins for Editor in 0.00 ms.
Unloading 1841 Unused Serialized files (Serialized files now loaded: 0)
System memory in use before: 89.5 MB.
System memory in use after: 89.5 MB.

Unloading 13 unused Assets to reduce memory usage. Loaded Objects now: 2353.
Total: 4.528600 ms (FindLiveObjects: 0.316500 ms CreateObjectMapping: 0.195700 ms MarkObjects: 3.843500 ms  DeleteObjects: 0.170600 ms)

AssetImportParameters requested are different than current active one (requested -> active):
  requireTextureImportCompression: false -> true
  custom:graphics/normal-map-encoding: 01000000000000000000000000000000 -> 02000000000000000000000000000000
========================================================================
Received Import Request.
  Time since last request: 771.321621 seconds.
  path: Assets/Sprites/Player/SmallEnemy.png
  artifactKey: Guid(1a9aa6bbab832c4469e32d3bed0a3791) Importer(815301076,1909f56bfc062723c751e8b465ee728b)
Start importing Assets/Sprites/Player/SmallEnemy.png using Guid(1a9aa6bbab832c4469e32d3bed0a3791) Importer(815301076,1909f56bfc062723c751e8b465ee728b)  -> (artifact id: 'e85614da24a01edab576662bffb7fd8d') in 0.080590 seconds
  Import took 0.086263 seconds .

========================================================================
Received Import Request.
  Time since last request: 39.360237 seconds.
  path: Assets/Sprites/Player/SmallEnemy.png
  artifactKey: Guid(1a9aa6bbab832c4469e32d3bed0a3791) Importer(815301076,1909f56bfc062723c751e8b465ee728b)
Start importing Assets/Sprites/Player/SmallEnemy.png using Guid(1a9aa6bbab832c4469e32d3bed0a3791) Importer(815301076,1909f56bfc062723c751e8b465ee728b)  -> (artifact id: '1b62e8d46a368416700862eaca60f3cb') in 0.014580 seconds
  Import took 0.018252 seconds .

========================================================================
Received Import Request.
  Time since last request: 3.992808 seconds.
  path: Assets/Sprites/Player/SmallEnemy.png
  artifactKey: Guid(1a9aa6bbab832c4469e32d3bed0a3791) Importer(815301076,1909f56bfc062723c751e8b465ee728b)
Start importing Assets/Sprites/Player/SmallEnemy.png using Guid(1a9aa6bbab832c4469e32d3bed0a3791) Importer(815301076,1909f56bfc062723c751e8b465ee728b)  -> (artifact id: '974c23720f82d653783ac309198d972d') in 0.031259 seconds
  Import took 0.034673 seconds .

========================================================================
Received Import Request.
  Time since last request: 32.684315 seconds.
  path: Assets/Prefab/Item.prefab
  artifactKey: Guid(e0a84083140fe344ca61e973973e1b49) Importer(815301076,1909f56bfc062723c751e8b465ee728b)
Start importing Assets/Prefab/Item.prefab using Guid(e0a84083140fe344ca61e973973e1b49) Importer(815301076,1909f56bfc062723c751e8b465ee728b)  -> (artifact id: '7b30b6557d88e2086afae5164fa2c96b') in 0.049238 seconds
  Import took 0.053595 seconds .

========================================================================
Received Import Request.
  Time since last request: 2.632658 seconds.
  path: Assets/Prefab/SmallEnemy.prefab
  artifactKey: Guid(cf921906c45318e45bc9778705783bf2) Importer(815301076,1909f56bfc062723c751e8b465ee728b)
Start importing Assets/Prefab/SmallEnemy.prefab using Guid(cf921906c45318e45bc9778705783bf2) Importer(815301076,1909f56bfc062723c751e8b465ee728b)  -> (artifact id: 'fb029bcb2683b2b79f0094e6ab33adbf') in 0.027033 seconds
  Import took 0.031717 seconds .

========================================================================
Received Import Request.
  Time since last request: 0.007990 seconds.
  path: Assets/Prefab/SmallEnemy.prefab
  artifactKey: Guid(cf921906c45318e45bc9778705783bf2) Importer(815301076,1909f56bfc062723c751e8b465ee728b)
Start importing Assets/Prefab/SmallEnemy.prefab using Guid(cf921906c45318e45bc9778705783bf2) Importer(815301076,1909f56bfc062723c751e8b465ee728b)  -> (artifact id: 'fb029bcb2683b2b79f0094e6ab33adbf') in 0.015922 seconds
  Import took 0.019997 seconds .

========================================================================
Received Prepare
Registering precompiled user dll's ...
Registered in 0.003115 seconds.
Begin MonoManager ReloadAssembly
Native extension for WindowsStandalone target not found
Refreshing native plugins compatible for Editor in 0.34 ms, found 1 plugins.
Preloading 0 native plugins for Editor in 0.00 ms.
Mono: successfully reloaded assembly
- Completed reload, in  1.096 seconds
Platform modules already initialized, skipping
Switching build target platform(5) subTarget(0) extendedPlatform(0) -> platform(13) subTarget(537395200) extendedPlatform(0)
Refreshing native plugins compatible for Editor in 0.39 ms, found 1 plugins.
Preloading 0 native plugins for Editor in 0.00 ms.
Unloading 1841 Unused Serialized files (Serialized files now loaded: 0)
System memory in use before: 89.5 MB.
System memory in use after: 89.6 MB.

Unloading 13 unused Assets to reduce memory usage. Loaded Objects now: 2366.
Total: 2.126400 ms (FindLiveObjects: 0.321500 ms CreateObjectMapping: 0.067700 ms MarkObjects: 1.657300 ms  DeleteObjects: 0.079000 ms)

AssetImportParameters requested are different than current active one (requested -> active):
  requireTextureImportCompression: false -> true
  custom:graphics/normal-map-encoding: 01000000000000000000000000000000 -> 02000000000000000000000000000000
========================================================================
Received Import Request.
  Time since last request: 136.367457 seconds.
  path: Assets/Prefab/SmallEnemy.prefab
  artifactKey: Guid(cf921906c45318e45bc9778705783bf2) Importer(815301076,1909f56bfc062723c751e8b465ee728b)
Start importing Assets/Prefab/SmallEnemy.prefab using Guid(cf921906c45318e45bc9778705783bf2) Importer(815301076,1909f56bfc062723c751e8b465ee728b)  -> (artifact id: '8a8c7845a7e06f4a126c58d6d3ba2e1a') in 0.070703 seconds
  Import took 0.074913 seconds .

========================================================================
Received Import Request.
  Time since last request: 0.001607 seconds.
  path: Assets/Prefab/SmallEnemy.prefab
  artifactKey: Guid(cf921906c45318e45bc9778705783bf2) Importer(815301076,1909f56bfc062723c751e8b465ee728b)
Start importing Assets/Prefab/SmallEnemy.prefab using Guid(cf921906c45318e45bc9778705783bf2) Importer(815301076,1909f56bfc062723c751e8b465ee728b)  -> (artifact id: '8a8c7845a7e06f4a126c58d6d3ba2e1a') in 0.017439 seconds
  Import took 0.020751 seconds .

========================================================================
Received Import Request.
  Time since last request: 21.352255 seconds.
  path: Assets/Animation/SmallEnemy.controller
  artifactKey: Guid(0a071f6dec207c2478a2d83c04475e5c) Importer(815301076,1909f56bfc062723c751e8b465ee728b)
Start importing Assets/Animation/SmallEnemy.controller using Guid(0a071f6dec207c2478a2d83c04475e5c) Importer(815301076,1909f56bfc062723c751e8b465ee728b)  -> (artifact id: 'cb6a58cb262139316ed42b0a3416cef7') in 0.009150 seconds
  Import took 0.013980 seconds .

========================================================================
Received Import Request.
  Time since last request: 9.819164 seconds.
  path: Assets/Prefab/SmallEnemy.prefab
  artifactKey: Guid(cf921906c45318e45bc9778705783bf2) Importer(815301076,1909f56bfc062723c751e8b465ee728b)
Start importing Assets/Prefab/SmallEnemy.prefab using Guid(cf921906c45318e45bc9778705783bf2) Importer(815301076,1909f56bfc062723c751e8b465ee728b) The Animator Controller (SmallEnemy) you have used is not valid. Animations will not play
UnityEngine.StackTraceUtility:ExtractStackTrace ()
UnityEditor.EditorUtility:Internal_InstantiateRemoveAllNonAnimationComponentsSingle (UnityEngine.Object,UnityEngine.Vector3,UnityEngine.Quaternion)
UnityEditor.EditorUtility:InstantiateRemoveAllNonAnimationComponents (UnityEngine.Object,UnityEngine.Vector3,UnityEngine.Quaternion)
UnityEditor.EditorUtility:InstantiateForAnimatorPreview (UnityEngine.Object)
UnityEditor.GameObjectInspector/PreviewData:UpdateGameObject (UnityEngine.Object)
UnityEditor.GameObjectInspector/PreviewData:.ctor (UnityEngine.Object)
UnityEditor.GameObjectInspector:GetPreviewData ()
UnityEditor.GameObjectInspector:RenderStaticPreview (string,UnityEngine.Object[],int,int)
UnityEditor.AssetPreviewUpdater:CreatePreviewForAsset (UnityEngine.Object,UnityEngine.Object[],string)

[C:\buildslave\unity\build\Modules/Animation/Director/AnimatorControllerPlayable.cpp line 333]

The Animator Controller (SmallEnemy) you have used is not valid. Animations will not play
UnityEngine.StackTraceUtility:ExtractStackTrace ()
UnityEditor.EditorUtility:InitInstantiatedPreviewRecursive (UnityEngine.GameObject)
UnityEditor.EditorUtility:InstantiateForAnimatorPreview (UnityEngine.Object)
UnityEditor.GameObjectInspector/PreviewData:UpdateGameObject (UnityEngine.Object)
UnityEditor.GameObjectInspector/PreviewData:.ctor (UnityEngine.Object)
UnityEditor.GameObjectInspector:GetPreviewData ()
UnityEditor.GameObjectInspector:RenderStaticPreview (string,UnityEngine.Object[],int,int)
UnityEditor.AssetPreviewUpdater:CreatePreviewForAsset (UnityEngine.Object,UnityEngine.Object[],string)

[C:\buildslave\unity\build\Modules/Animation/Director/AnimatorControllerPlayable.cpp line 333]

 -> (artifact id: '7886fa60f23f40563fc959889f6b979a') in 0.021057 seconds
  Import took 0.025078 seconds .

========================================================================
Received Import Request.
  Time since last request: 13.189156 seconds.
  path: Assets/Animation/SmallEnemy_Idle.anim
  artifactKey: Guid(d5f364f06b1731243ba12a3bab0e9e93) Importer(815301076,1909f56bfc062723c751e8b465ee728b)
Start importing Assets/Animation/SmallEnemy_Idle.anim using Guid(d5f364f06b1731243ba12a3bab0e9e93) Importer(815301076,1909f56bfc062723c751e8b465ee728b)  -> (artifact id: 'f45551a89001d4a0905cf7b3c25a4759') in 0.011216 seconds
  Import took 0.016110 seconds .

========================================================================
Received Import Request.
  Time since last request: 108.133554 seconds.
  path: Assets/Animation/SmallEnemy.controller
  artifactKey: Guid(0a071f6dec207c2478a2d83c04475e5c) Importer(815301076,1909f56bfc062723c751e8b465ee728b)
Start importing Assets/Animation/SmallEnemy.controller using Guid(0a071f6dec207c2478a2d83c04475e5c) Importer(815301076,1909f56bfc062723c751e8b465ee728b)  -> (artifact id: 'e014fe004eadcb3e45995b490a8ccfd9') in 0.015250 seconds
  Import took 0.019280 seconds .

========================================================================
Received Import Request.
  Time since last request: 9.523827 seconds.
  path: Assets/Animation/SmallEnemy_Idle.anim
  artifactKey: Guid(d5f364f06b1731243ba12a3bab0e9e93) Importer(815301076,1909f56bfc062723c751e8b465ee728b)
Start importing Assets/Animation/SmallEnemy_Idle.anim using Guid(d5f364f06b1731243ba12a3bab0e9e93) Importer(815301076,1909f56bfc062723c751e8b465ee728b)  -> (artifact id: '6b788243e6d1797fcc2b3297d9ac8b2d') in 0.012861 seconds
  Import took 0.015924 seconds .

========================================================================
Received Import Request.
  Time since last request: 2.370215 seconds.
  path: Assets/Animation/SmallEnemy_Idle.anim
  artifactKey: Guid(d5f364f06b1731243ba12a3bab0e9e93) Importer(815301076,1909f56bfc062723c751e8b465ee728b)
Start importing Assets/Animation/SmallEnemy_Idle.anim using Guid(d5f364f06b1731243ba12a3bab0e9e93) Importer(815301076,1909f56bfc062723c751e8b465ee728b)  -> (artifact id: '2e02015fd01ab6cfeb7fa9b122155296') in 0.006502 seconds
  Import took 0.010735 seconds .

========================================================================
Received Prepare
Registering precompiled user dll's ...
Registered in 0.001827 seconds.
Begin MonoManager ReloadAssembly
Native extension for WindowsStandalone target not found
Refreshing native plugins compatible for Editor in 0.35 ms, found 1 plugins.
Preloading 0 native plugins for Editor in 0.00 ms.
Mono: successfully reloaded assembly
- Completed reload, in  1.199 seconds
Platform modules already initialized, skipping
Switching build target platform(5) subTarget(0) extendedPlatform(0) -> platform(13) subTarget(537395200) extendedPlatform(0)
Refreshing native plugins compatible for Editor in 0.53 ms, found 1 plugins.
Preloading 0 native plugins for Editor in 0.00 ms.
Unloading 1842 Unused Serialized files (Serialized files now loaded: 0)
System memory in use before: 89.7 MB.
System memory in use after: 89.7 MB.

Unloading 13 unused Assets to reduce memory usage. Loaded Objects now: 2372.
Total: 4.140200 ms (FindLiveObjects: 0.316600 ms CreateObjectMapping: 0.172900 ms MarkObjects: 3.505800 ms  DeleteObjects: 0.143000 ms)

AssetImportParameters requested are different than current active one (requested -> active):
  requireTextureImportCompression: false -> true
  custom:graphics/normal-map-encoding: 01000000000000000000000000000000 -> 02000000000000000000000000000000
========================================================================
Received Prepare
Registering precompiled user dll's ...
Registered in 0.002066 seconds.
Begin MonoManager ReloadAssembly
Native extension for WindowsStandalone target not found
Refreshing native plugins compatible for Editor in 0.34 ms, found 1 plugins.
Preloading 0 native plugins for Editor in 0.00 ms.
Mono: successfully reloaded assembly
- Completed reload, in  1.077 seconds
Platform modules already initialized, skipping
Switching build target platform(5) subTarget(0) extendedPlatform(0) -> platform(13) subTarget(537395200) extendedPlatform(0)
Refreshing native plugins compatible for Editor in 0.39 ms, found 1 plugins.
Preloading 0 native plugins for Editor in 0.00 ms.
Unloading 1842 Unused Serialized files (Serialized files now loaded: 0)
System memory in use before: 89.7 MB.
System memory in use after: 89.7 MB.

Unloading 13 unused Assets to reduce memory usage. Loaded Objects now: 2376.
Total: 2.184100 ms (FindLiveObjects: 0.245400 ms CreateObjectMapping: 0.081700 ms MarkObjects: 1.707000 ms  DeleteObjects: 0.148800 ms)

AssetImportParameters requested are different than current active one (requested -> active):
  requireTextureImportCompression: false -> true
  custom:graphics/normal-map-encoding: 01000000000000000000000000000000 -> 02000000000000000000000000000000
========================================================================
Received Prepare
Registering precompiled user dll's ...
Registered in 0.003519 seconds.
Begin MonoManager ReloadAssembly
Native extension for WindowsStandalone target not found
Refreshing native plugins compatible for Editor in 0.42 ms, found 1 plugins.
Preloading 0 native plugins for Editor in 0.00 ms.
Mono: successfully reloaded assembly
- Completed reload, in  1.106 seconds
Platform modules already initialized, skipping
Switching build target platform(5) subTarget(0) extendedPlatform(0) -> platform(13) subTarget(537395200) extendedPlatform(0)
Refreshing native plugins compatible for Editor in 0.40 ms, found 1 plugins.
Preloading 0 native plugins for Editor in 0.00 ms.
Unloading 1842 Unused Serialized files (Serialized files now loaded: 0)
System memory in use before: 89.7 MB.
System memory in use after: 89.8 MB.

Unloading 13 unused Assets to reduce memory usage. Loaded Objects now: 2380.
Total: 2.616200 ms (FindLiveObjects: 0.196200 ms CreateObjectMapping: 0.068600 ms MarkObjects: 2.243100 ms  DeleteObjects: 0.106700 ms)

AssetImportParameters requested are different than current active one (requested -> active):
  requireTextureImportCompression: false -> true
  custom:graphics/normal-map-encoding: 01000000000000000000000000000000 -> 02000000000000000000000000000000
========================================================================
Received Prepare
Registering precompiled user dll's ...
Registered in 0.001978 seconds.
Begin MonoManager ReloadAssembly
Native extension for WindowsStandalone target not found
Refreshing native plugins compatible for Editor in 0.33 ms, found 1 plugins.
Preloading 0 native plugins for Editor in 0.00 ms.
Mono: successfully reloaded assembly
- Completed reload, in  1.140 seconds
Platform modules already initialized, skipping
Switching build target platform(5) subTarget(0) extendedPlatform(0) -> platform(13) subTarget(537395200) extendedPlatform(0)
Refreshing native plugins compatible for Editor in 0.43 ms, found 1 plugins.
Preloading 0 native plugins for Editor in 0.00 ms.
Unloading 1842 Unused Serialized files (Serialized files now loaded: 0)
System memory in use before: 89.8 MB.
System memory in use after: 89.8 MB.

Unloading 13 unused Assets to reduce memory usage. Loaded Objects now: 2384.
Total: 1.947000 ms (FindLiveObjects: 0.231800 ms CreateObjectMapping: 0.054800 ms MarkObjects: 1.579700 ms  DeleteObjects: 0.079500 ms)

AssetImportParameters requested are different than current active one (requested -> active):
  requireTextureImportCompression: false -> true
  custom:graphics/normal-map-encoding: 01000000000000000000000000000000 -> 02000000000000000000000000000000
========================================================================
Received Prepare
Registering precompiled user dll's ...
Registered in 0.002227 seconds.
Begin MonoManager ReloadAssembly
Native extension for WindowsStandalone target not found
Refreshing native plugins compatible for Editor in 0.41 ms, found 1 plugins.
Preloading 0 native plugins for Editor in 0.00 ms.
Mono: successfully reloaded assembly
- Completed reload, in  1.170 seconds
Platform modules already initialized, skipping
Switching build target platform(5) subTarget(0) extendedPlatform(0) -> platform(13) subTarget(537395200) extendedPlatform(0)
Refreshing native plugins compatible for Editor in 0.59 ms, found 1 plugins.
Preloading 0 native plugins for Editor in 0.00 ms.
Unloading 1842 Unused Serialized files (Serialized files now loaded: 0)
System memory in use before: 89.8 MB.
System memory in use after: 89.8 MB.

Unloading 13 unused Assets to reduce memory usage. Loaded Objects now: 2388.
Total: 1.784500 ms (FindLiveObjects: 0.180500 ms CreateObjectMapping: 0.063900 ms MarkObjects: 1.458900 ms  DeleteObjects: 0.079900 ms)

AssetImportParameters requested are different than current active one (requested -> active):
  requireTextureImportCompression: false -> true
  custom:graphics/normal-map-encoding: 01000000000000000000000000000000 -> 02000000000000000000000000000000
========================================================================
Received Prepare
Registering precompiled user dll's ...
Registered in 0.001971 seconds.
Begin MonoManager ReloadAssembly
Native extension for WindowsStandalone target not found
Refreshing native plugins compatible for Editor in 0.34 ms, found 1 plugins.
Preloading 0 native plugins for Editor in 0.00 ms.
Mono: successfully reloaded assembly
- Completed reload, in  1.295 seconds
Platform modules already initialized, skipping
Switching build target platform(5) subTarget(0) extendedPlatform(0) -> platform(13) subTarget(537395200) extendedPlatform(0)
Refreshing native plugins compatible for Editor in 0.40 ms, found 1 plugins.
Preloading 0 native plugins for Editor in 0.00 ms.
Unloading 1842 Unused Serialized files (Serialized files now loaded: 0)
System memory in use before: 89.8 MB.
System memory in use after: 89.8 MB.

Unloading 13 unused Assets to reduce memory usage. Loaded Objects now: 2392.
Total: 2.804100 ms (FindLiveObjects: 0.354900 ms CreateObjectMapping: 0.142100 ms MarkObjects: 1.876200 ms  DeleteObjects: 0.428700 ms)

AssetImportParameters requested are different than current active one (requested -> active):
  requireTextureImportCompression: false -> true
  custom:graphics/normal-map-encoding: 01000000000000000000000000000000 -> 02000000000000000000000000000000
========================================================================
Received Prepare
Registering precompiled user dll's ...
Registered in 0.002435 seconds.
Begin MonoManager ReloadAssembly
Native extension for WindowsStandalone target not found
Refreshing native plugins compatible for Editor in 0.42 ms, found 1 plugins.
Preloading 0 native plugins for Editor in 0.00 ms.
Mono: successfully reloaded assembly
- Completed reload, in  1.288 seconds
Platform modules already initialized, skipping
Switching build target platform(5) subTarget(0) extendedPlatform(0) -> platform(13) subTarget(537395200) extendedPlatform(0)
Refreshing native plugins compatible for Editor in 0.45 ms, found 1 plugins.
Preloading 0 native plugins for Editor in 0.00 ms.
Unloading 1842 Unused Serialized files (Serialized files now loaded: 0)
System memory in use before: 89.8 MB.
System memory in use after: 89.8 MB.

Unloading 13 unused Assets to reduce memory usage. Loaded Objects now: 2396.
Total: 2.011800 ms (FindLiveObjects: 0.191600 ms CreateObjectMapping: 0.056400 ms MarkObjects: 1.679400 ms  DeleteObjects: 0.083600 ms)

AssetImportParameters requested are different than current active one (requested -> active):
  requireTextureImportCompression: false -> true
  custom:graphics/normal-map-encoding: 01000000000000000000000000000000 -> 02000000000000000000000000000000
========================================================================
Received Prepare
Registering precompiled user dll's ...
Registered in 0.001662 seconds.
Begin MonoManager ReloadAssembly
Native extension for WindowsStandalone target not found
Refreshing native plugins compatible for Editor in 0.35 ms, found 1 plugins.
Preloading 0 native plugins for Editor in 0.00 ms.
Mono: successfully reloaded assembly
- Completed reload, in  1.126 seconds
Platform modules already initialized, skipping
Switching build target platform(5) subTarget(0) extendedPlatform(0) -> platform(13) subTarget(537395200) extendedPlatform(0)
Refreshing native plugins compatible for Editor in 0.40 ms, found 1 plugins.
Preloading 0 native plugins for Editor in 0.00 ms.
Unloading 1842 Unused Serialized files (Serialized files now loaded: 0)
System memory in use before: 89.8 MB.
System memory in use after: 89.8 MB.

Unloading 13 unused Assets to reduce memory usage. Loaded Objects now: 2400.
Total: 2.582500 ms (FindLiveObjects: 0.283400 ms CreateObjectMapping: 0.091500 ms MarkObjects: 2.093400 ms  DeleteObjects: 0.112700 ms)

AssetImportParameters requested are different than current active one (requested -> active):
  requireTextureImportCompression: false -> true
  custom:graphics/normal-map-encoding: 01000000000000000000000000000000 -> 02000000000000000000000000000000
========================================================================
Received Prepare
Registering precompiled user dll's ...
Registered in 0.002289 seconds.
Begin MonoManager ReloadAssembly
Native extension for WindowsStandalone target not found
Refreshing native plugins compatible for Editor in 0.40 ms, found 1 plugins.
Preloading 0 native plugins for Editor in 0.00 ms.
Mono: successfully reloaded assembly
- Completed reload, in  1.149 seconds
Platform modules already initialized, skipping
Switching build target platform(5) subTarget(0) extendedPlatform(0) -> platform(13) subTarget(537395200) extendedPlatform(0)
Refreshing native plugins compatible for Editor in 0.36 ms, found 1 plugins.
Preloading 0 native plugins for Editor in 0.00 ms.
Unloading 1842 Unused Serialized files (Serialized files now loaded: 0)
System memory in use before: 89.8 MB.
System memory in use after: 89.8 MB.

Unloading 13 unused Assets to reduce memory usage. Loaded Objects now: 2404.
Total: 2.777000 ms (FindLiveObjects: 0.552800 ms CreateObjectMapping: 0.133000 ms MarkObjects: 2.008100 ms  DeleteObjects: 0.082200 ms)

AssetImportParameters requested are different than current active one (requested -> active):
  requireTextureImportCompression: false -> true
  custom:graphics/normal-map-encoding: 01000000000000000000000000000000 -> 02000000000000000000000000000000
========================================================================
Received Prepare
Registering precompiled user dll's ...
Registered in 0.001982 seconds.
Begin MonoManager ReloadAssembly
Native extension for WindowsStandalone target not found
Refreshing native plugins compatible for Editor in 0.96 ms, found 1 plugins.
Preloading 0 native plugins for Editor in 0.00 ms.
Mono: successfully reloaded assembly
- Completed reload, in  1.139 seconds
Platform modules already initialized, skipping
Switching build target platform(5) subTarget(0) extendedPlatform(0) -> platform(13) subTarget(537395200) extendedPlatform(0)
Refreshing native plugins compatible for Editor in 0.36 ms, found 1 plugins.
Preloading 0 native plugins for Editor in 0.00 ms.
Unloading 1842 Unused Serialized files (Serialized files now loaded: 0)
System memory in use before: 89.8 MB.
System memory in use after: 89.8 MB.

Unloading 13 unused Assets to reduce memory usage. Loaded Objects now: 2408.
Total: 3.576500 ms (FindLiveObjects: 0.240700 ms CreateObjectMapping: 0.149100 ms MarkObjects: 3.065800 ms  DeleteObjects: 0.119500 ms)

AssetImportParameters requested are different than current active one (requested -> active):
  requireTextureImportCompression: false -> true
  custom:graphics/normal-map-encoding: 01000000000000000000000000000000 -> 02000000000000000000000000000000
========================================================================
Received Prepare
Registering precompiled user dll's ...
Registered in 0.002064 seconds.
Begin MonoManager ReloadAssembly
Native extension for WindowsStandalone target not found
Refreshing native plugins compatible for Editor in 0.45 ms, found 1 plugins.
Preloading 0 native plugins for Editor in 0.00 ms.
Mono: successfully reloaded assembly
- Completed reload, in  1.190 seconds
Platform modules already initialized, skipping
Switching build target platform(5) subTarget(0) extendedPlatform(0) -> platform(13) subTarget(537395200) extendedPlatform(0)
Refreshing native plugins compatible for Editor in 0.36 ms, found 1 plugins.
Preloading 0 native plugins for Editor in 0.00 ms.
Unloading 1842 Unused Serialized files (Serialized files now loaded: 0)
System memory in use before: 89.8 MB.
System memory in use after: 89.8 MB.

Unloading 13 unused Assets to reduce memory usage. Loaded Objects now: 2412.
Total: 2.276200 ms (FindLiveObjects: 0.270100 ms CreateObjectMapping: 0.066400 ms MarkObjects: 1.815500 ms  DeleteObjects: 0.123400 ms)

AssetImportParameters requested are different than current active one (requested -> active):
  requireTextureImportCompression: false -> true
  custom:graphics/normal-map-encoding: 01000000000000000000000000000000 -> 02000000000000000000000000000000
========================================================================
Received Import Request.
  Time since last request: 1018.096976 seconds.
  path: Assets/Prefab/SmallEnemy.prefab
  artifactKey: Guid(cf921906c45318e45bc9778705783bf2) Importer(815301076,1909f56bfc062723c751e8b465ee728b)
Start importing Assets/Prefab/SmallEnemy.prefab using Guid(cf921906c45318e45bc9778705783bf2) Importer(815301076,1909f56bfc062723c751e8b465ee728b)  -> (artifact id: 'a213334d8c7dfa80160c92ac011b106a') in 0.082092 seconds
  Import took 0.085895 seconds .

========================================================================
Received Prepare
Registering precompiled user dll's ...
Registered in 0.002189 seconds.
Begin MonoManager ReloadAssembly
Native extension for WindowsStandalone target not found
Refreshing native plugins compatible for Editor in 0.36 ms, found 1 plugins.
Preloading 0 native plugins for Editor in 0.00 ms.
Mono: successfully reloaded assembly
- Completed reload, in  1.254 seconds
Platform modules already initialized, skipping
Switching build target platform(5) subTarget(0) extendedPlatform(0) -> platform(13) subTarget(537395200) extendedPlatform(0)
Refreshing native plugins compatible for Editor in 0.40 ms, found 1 plugins.
Preloading 0 native plugins for Editor in 0.00 ms.
Unloading 1842 Unused Serialized files (Serialized files now loaded: 0)
System memory in use before: 89.8 MB.
System memory in use after: 89.9 MB.

Unloading 13 unused Assets to reduce memory usage. Loaded Objects now: 2417.
Total: 2.468200 ms (FindLiveObjects: 0.271600 ms CreateObjectMapping: 0.093600 ms MarkObjects: 2.000700 ms  DeleteObjects: 0.101000 ms)

AssetImportParameters requested are different than current active one (requested -> active):
  requireTextureImportCompression: false -> true
  custom:graphics/normal-map-encoding: 01000000000000000000000000000000 -> 02000000000000000000000000000000
========================================================================
Received Import Request.
  Time since last request: 11.528212 seconds.
  path: Assets/Prefab/SmallEnemy.prefab
  artifactKey: Guid(cf921906c45318e45bc9778705783bf2) Importer(815301076,1909f56bfc062723c751e8b465ee728b)
Start importing Assets/Prefab/SmallEnemy.prefab using Guid(cf921906c45318e45bc9778705783bf2) Importer(815301076,1909f56bfc062723c751e8b465ee728b)  -> (artifact id: 'adc85b267e8bce89cebc8329a67789fc') in 0.079260 seconds
  Import took 0.083398 seconds .

========================================================================
Received Import Request.
  Time since last request: 10.074994 seconds.
  path: Assets/Prefab/SmallEnemy.prefab
  artifactKey: Guid(cf921906c45318e45bc9778705783bf2) Importer(815301076,1909f56bfc062723c751e8b465ee728b)
Start importing Assets/Prefab/SmallEnemy.prefab using Guid(cf921906c45318e45bc9778705783bf2) Importer(815301076,1909f56bfc062723c751e8b465ee728b)  -> (artifact id: '05f49be4125f4f187f5c915a5bf923ad') in 0.016409 seconds
  Import took 0.020447 seconds .

========================================================================
Received Import Request.
  Time since last request: 0.029934 seconds.
  path: Assets/Prefab/SmallEnemy.prefab
  artifactKey: Guid(cf921906c45318e45bc9778705783bf2) Importer(815301076,1909f56bfc062723c751e8b465ee728b)
Start importing Assets/Prefab/SmallEnemy.prefab using Guid(cf921906c45318e45bc9778705783bf2) Importer(815301076,1909f56bfc062723c751e8b465ee728b)  -> (artifact id: '05f49be4125f4f187f5c915a5bf923ad') in 0.015695 seconds
  Import took 0.019260 seconds .

========================================================================
Received Import Request.
  Time since last request: 9.088066 seconds.
  path: Assets/Prefab/SmallEnemy.prefab
  artifactKey: Guid(cf921906c45318e45bc9778705783bf2) Importer(815301076,1909f56bfc062723c751e8b465ee728b)
Start importing Assets/Prefab/SmallEnemy.prefab using Guid(cf921906c45318e45bc9778705783bf2) Importer(815301076,1909f56bfc062723c751e8b465ee728b)  -> (artifact id: '6e016e95316c100dd9ee10d4a3e6b292') in 0.017421 seconds
  Import took 0.021288 seconds .

========================================================================
Received Import Request.
  Time since last request: 2.368388 seconds.
  path: Assets/Prefab/SmallEnemy.prefab
  artifactKey: Guid(cf921906c45318e45bc9778705783bf2) Importer(815301076,1909f56bfc062723c751e8b465ee728b)
Start importing Assets/Prefab/SmallEnemy.prefab using Guid(cf921906c45318e45bc9778705783bf2) Importer(815301076,1909f56bfc062723c751e8b465ee728b)  -> (artifact id: 'ed0faed555e63b4f559431e856412aed') in 0.017098 seconds
  Import took 0.020987 seconds .

========================================================================
Received Prepare
Registering precompiled user dll's ...
Registered in 0.001758 seconds.
Begin MonoManager ReloadAssembly
Native extension for WindowsStandalone target not found
Refreshing native plugins compatible for Editor in 0.39 ms, found 1 plugins.
Preloading 0 native plugins for Editor in 0.00 ms.
Mono: successfully reloaded assembly
- Completed reload, in  1.231 seconds
Platform modules already initialized, skipping
Switching build target platform(5) subTarget(0) extendedPlatform(0) -> platform(13) subTarget(537395200) extendedPlatform(0)
Refreshing native plugins compatible for Editor in 0.53 ms, found 1 plugins.
Preloading 0 native plugins for Editor in 0.00 ms.
Unloading 1842 Unused Serialized files (Serialized files now loaded: 0)
System memory in use before: 89.8 MB.
System memory in use after: 89.9 MB.

Unloading 13 unused Assets to reduce memory usage. Loaded Objects now: 2422.
Total: 2.737400 ms (FindLiveObjects: 0.200800 ms CreateObjectMapping: 0.061600 ms MarkObjects: 2.336200 ms  DeleteObjects: 0.137900 ms)

AssetImportParameters requested are different than current active one (requested -> active):
  requireTextureImportCompression: false -> true
  custom:graphics/normal-map-encoding: 01000000000000000000000000000000 -> 02000000000000000000000000000000
========================================================================
Received Import Request.
  Time since last request: 124.608701 seconds.
  path: Assets/Prefab/SmallEnemy.prefab
  artifactKey: Guid(cf921906c45318e45bc9778705783bf2) Importer(815301076,1909f56bfc062723c751e8b465ee728b)
Start importing Assets/Prefab/SmallEnemy.prefab using Guid(cf921906c45318e45bc9778705783bf2) Importer(815301076,1909f56bfc062723c751e8b465ee728b)  -> (artifact id: '3992bdaa338963f4a4ba1156dfdc64aa') in 0.081451 seconds
  Import took 0.086661 seconds .

========================================================================
Received Prepare
Registering precompiled user dll's ...
Registered in 0.001949 seconds.
Begin MonoManager ReloadAssembly
Native extension for WindowsStandalone target not found
Refreshing native plugins compatible for Editor in 0.34 ms, found 1 plugins.
Preloading 0 native plugins for Editor in 0.00 ms.
Mono: successfully reloaded assembly
- Completed reload, in  1.211 seconds
Platform modules already initialized, skipping
Switching build target platform(5) subTarget(0) extendedPlatform(0) -> platform(13) subTarget(537395200) extendedPlatform(0)
Refreshing native plugins compatible for Editor in 0.40 ms, found 1 plugins.
Preloading 0 native plugins for Editor in 0.00 ms.
Unloading 1842 Unused Serialized files (Serialized files now loaded: 0)
System memory in use before: 89.9 MB.
System memory in use after: 89.9 MB.

Unloading 13 unused Assets to reduce memory usage. Loaded Objects now: 2427.
Total: 2.227200 ms (FindLiveObjects: 0.304700 ms CreateObjectMapping: 0.103500 ms MarkObjects: 1.735700 ms  DeleteObjects: 0.082300 ms)

AssetImportParameters requested are different than current active one (requested -> active):
  requireTextureImportCompression: false -> true
  custom:graphics/normal-map-encoding: 01000000000000000000000000000000 -> 02000000000000000000000000000000
========================================================================
Received Prepare
Registering precompiled user dll's ...
Registered in 0.002672 seconds.
Begin MonoManager ReloadAssembly
Native extension for WindowsStandalone target not found
Refreshing native plugins compatible for Editor in 0.36 ms, found 1 plugins.
Preloading 0 native plugins for Editor in 0.00 ms.
Mono: successfully reloaded assembly
- Completed reload, in  1.199 seconds
Platform modules already initialized, skipping
Switching build target platform(5) subTarget(0) extendedPlatform(0) -> platform(13) subTarget(537395200) extendedPlatform(0)
Refreshing native plugins compatible for Editor in 0.71 ms, found 1 plugins.
Preloading 0 native plugins for Editor in 0.00 ms.
Unloading 1842 Unused Serialized files (Serialized files now loaded: 0)
System memory in use before: 89.9 MB.
System memory in use after: 89.9 MB.

Unloading 13 unused Assets to reduce memory usage. Loaded Objects now: 2431.
Total: 4.638400 ms (FindLiveObjects: 0.362000 ms CreateObjectMapping: 0.178600 ms MarkObjects: 3.826600 ms  DeleteObjects: 0.268400 ms)

AssetImportParameters requested are different than current active one (requested -> active):
  requireTextureImportCompression: false -> true
  custom:graphics/normal-map-encoding: 01000000000000000000000000000000 -> 02000000000000000000000000000000
========================================================================
Received Prepare
Registering precompiled user dll's ...
Registered in 0.002274 seconds.
Begin MonoManager ReloadAssembly
Native extension for WindowsStandalone target not found
Refreshing native plugins compatible for Editor in 0.34 ms, found 1 plugins.
Preloading 0 native plugins for Editor in 0.00 ms.
Mono: successfully reloaded assembly
- Completed reload, in  1.207 seconds
Platform modules already initialized, skipping
Switching build target platform(5) subTarget(0) extendedPlatform(0) -> platform(13) subTarget(537395200) extendedPlatform(0)
Refreshing native plugins compatible for Editor in 0.83 ms, found 1 plugins.
Preloading 0 native plugins for Editor in 0.00 ms.
Unloading 1842 Unused Serialized files (Serialized files now loaded: 0)
System memory in use before: 89.9 MB.
System memory in use after: 89.9 MB.

Unloading 13 unused Assets to reduce memory usage. Loaded Objects now: 2435.
Total: 5.033200 ms (FindLiveObjects: 0.568700 ms CreateObjectMapping: 0.169600 ms MarkObjects: 4.095300 ms  DeleteObjects: 0.197000 ms)

AssetImportParameters requested are different than current active one (requested -> active):
  requireTextureImportCompression: false -> true
  custom:graphics/normal-map-encoding: 01000000000000000000000000000000 -> 02000000000000000000000000000000
AssetImportWorkerClient::OnTransportError - code=2 error=End of file
